c:\users\jérémie\test programme\oculusrift_tutoring\projects\oculusrift_tutoring\x64\debug\vc140.pdb
c:\users\jérémie\test programme\oculusrift_tutoring\projects\oculusrift_tutoring\x64\debug\vc140.idb
c:\users\jérémie\test programme\oculusrift_tutoring\projects\oculusrift_tutoring\x64\debug\platform.obj
c:\users\jérémie\test programme\oculusrift_tutoring\projects\oculusrift_tutoring\x64\debug\win32_gamepad.obj
c:\users\jérémie\test programme\oculusrift_tutoring\projects\oculusrift_tutoring\x64\debug\win32_platform.obj
c:\users\jérémie\test programme\oculusrift_tutoring\projects\oculusrift_tutoring\x64\debug\render_d3d11_device.obj
c:\users\jérémie\test programme\oculusrift_tutoring\projects\oculusrift_tutoring\x64\debug\render_device.obj
c:\users\jérémie\test programme\oculusrift_tutoring\projects\oculusrift_tutoring\x64\debug\render_gl_device.obj
c:\users\jérémie\test programme\oculusrift_tutoring\projects\oculusrift_tutoring\x64\debug\render_gl_win32_device.obj
c:\users\jérémie\test programme\oculusrift_tutoring\projects\oculusrift_tutoring\x64\debug\render_loadtexturedds.obj
c:\users\jérémie\test programme\oculusrift_tutoring\projects\oculusrift_tutoring\x64\debug\render_loadtexturetga.obj
c:\users\jérémie\test programme\oculusrift_tutoring\projects\oculusrift_tutoring\x64\debug\optionmenu.obj
c:\users\jérémie\test programme\oculusrift_tutoring\projects\oculusrift_tutoring\x64\debug\renderprofiler.obj
c:\users\jérémie\test programme\oculusrift_tutoring\projects\oculusrift_tutoring\x64\debug\main.obj
c:\users\jérémie\test programme\oculusrift_tutoring\projects\oculusrift_tutoring\x64\debug\render_xmlsceneloader.obj
c:\users\jérémie\test programme\oculusrift_tutoring\projects\oculusrift_tutoring\x64\debug\oculusrift_tutoring.pdb
c:\users\jérémie\test programme\oculusrift_tutoring\projects\oculusrift_tutoring\x64\debug\oculusri.df14b3cd.tlog\cl.command.1.tlog
c:\users\jérémie\test programme\oculusrift_tutoring\projects\oculusrift_tutoring\x64\debug\oculusri.df14b3cd.tlog\cl.read.1.tlog
c:\users\jérémie\test programme\oculusrift_tutoring\projects\oculusrift_tutoring\x64\debug\oculusri.df14b3cd.tlog\cl.write.1.tlog
c:\users\jérémie\test programme\oculusrift_tutoring\projects\oculusrift_tutoring\x64\debug\oculusri.df14b3cd.tlog\link-cvtres.read.1.tlog
c:\users\jérémie\test programme\oculusrift_tutoring\projects\oculusrift_tutoring\x64\debug\oculusri.df14b3cd.tlog\link-cvtres.write.1.tlog
c:\users\jérémie\test programme\oculusrift_tutoring\projects\oculusrift_tutoring\x64\debug\oculusri.df14b3cd.tlog\link-rc.read.1.tlog
c:\users\jérémie\test programme\oculusrift_tutoring\projects\oculusrift_tutoring\x64\debug\oculusri.df14b3cd.tlog\link-rc.write.1.tlog
c:\users\jérémie\test programme\oculusrift_tutoring\projects\oculusrift_tutoring\x64\debug\oculusri.df14b3cd.tlog\link.command.1.tlog
c:\users\jérémie\test programme\oculusrift_tutoring\projects\oculusrift_tutoring\x64\debug\oculusri.df14b3cd.tlog\link.read.1.tlog
c:\users\jérémie\test programme\oculusrift_tutoring\projects\oculusrift_tutoring\x64\debug\oculusri.df14b3cd.tlog\link.write.1.tlog
